{"/Users/ranegowan/Development/github-projects/flip-chat/index.js":{"path":"/Users/ranegowan/Development/github-projects/flip-chat/index.js","s":{"1":1,"2":1,"3":1,"4":1,"5":1,"6":1,"7":1,"8":1,"9":1,"10":1,"11":1,"12":1,"13":1,"14":1,"15":1,"16":1,"17":1,"18":1,"19":1,"20":1,"21":1,"22":1,"23":0,"24":0,"25":1},"b":{"1":[0,1]},"f":{},"fnMap":{},"statementMap":{"1":{"start":{"line":1,"column":0},"end":{"line":1,"column":43}},"2":{"start":{"line":2,"column":0},"end":{"line":2,"column":42}},"3":{"start":{"line":3,"column":0},"end":{"line":3,"column":47}},"4":{"start":{"line":4,"column":0},"end":{"line":4,"column":44}},"5":{"start":{"line":5,"column":0},"end":{"line":5,"column":44}},"6":{"start":{"line":7,"column":0},"end":{"line":7,"column":34}},"7":{"start":{"line":8,"column":0},"end":{"line":8,"column":39}},"8":{"start":{"line":10,"column":0},"end":{"line":10,"column":33}},"9":{"start":{"line":11,"column":0},"end":{"line":11,"column":47}},"10":{"start":{"line":12,"column":0},"end":{"line":12,"column":54}},"11":{"start":{"line":14,"column":0},"end":{"line":14,"column":53}},"12":{"start":{"line":15,"column":0},"end":{"line":15,"column":51}},"13":{"start":{"line":16,"column":0},"end":{"line":16,"column":57}},"14":{"start":{"line":17,"column":0},"end":{"line":17,"column":54}},"15":{"start":{"line":19,"column":0},"end":{"line":19,"column":60}},"16":{"start":{"line":21,"column":0},"end":{"line":21,"column":23}},"17":{"start":{"line":22,"column":0},"end":{"line":22,"column":47}},"18":{"start":{"line":23,"column":0},"end":{"line":23,"column":27}},"19":{"start":{"line":25,"column":0},"end":{"line":25,"column":25}},"20":{"start":{"line":26,"column":0},"end":{"line":26,"column":24}},"21":{"start":{"line":27,"column":0},"end":{"line":27,"column":22}},"22":{"start":{"line":29,"column":0},"end":{"line":29,"column":113}},"23":{"start":{"line":29,"column":28},"end":{"line":29,"column":113}},"24":{"start":{"line":29,"column":51},"end":{"line":29,"column":111}},"25":{"start":{"line":31,"column":0},"end":{"line":31,"column":21}}},"branchMap":{"1":{"line":29,"type":"if","locations":[{"start":{"line":29,"column":0},"end":{"line":29,"column":0}},{"start":{"line":29,"column":0},"end":{"line":29,"column":0}}]}}},"/Users/ranegowan/Development/github-projects/flip-chat/lib/globalToJSON.js":{"path":"/Users/ranegowan/Development/github-projects/flip-chat/lib/globalToJSON.js","s":{"1":1,"2":1,"3":0,"4":0,"5":0,"6":0,"7":1},"b":{},"f":{"1":1,"2":0},"fnMap":{"1":{"name":"globalToJSON","line":1,"loc":{"start":{"line":1,"column":0},"end":{"line":1,"column":30}}},"2":{"name":"(anonymous_2)","line":5,"loc":{"start":{"line":5,"column":13},"end":{"line":5,"column":25}}}},"statementMap":{"1":{"start":{"line":1,"column":0},"end":{"line":12,"column":1}},"2":{"start":{"line":2,"column":2},"end":{"line":11,"column":5}},"3":{"start":{"line":6,"column":6},"end":{"line":6,"column":22}},"4":{"start":{"line":7,"column":6},"end":{"line":7,"column":22}},"5":{"start":{"line":8,"column":6},"end":{"line":8,"column":27}},"6":{"start":{"line":9,"column":6},"end":{"line":9,"column":39}},"7":{"start":{"line":14,"column":0},"end":{"line":14,"column":30}}},"branchMap":{}},"/Users/ranegowan/Development/github-projects/flip-chat/config/environment.js":{"path":"/Users/ranegowan/Development/github-projects/flip-chat/config/environment.js","s":{"1":1},"b":{"1":[1,1],"2":[1,0]},"f":{},"fnMap":{},"statementMap":{"1":{"start":{"line":1,"column":0},"end":{"line":10,"column":1}}},"branchMap":{"1":{"line":2,"type":"binary-expr","locations":[{"start":{"line":2,"column":8},"end":{"line":2,"column":24}},{"start":{"line":2,"column":28},"end":{"line":2,"column":32}}]},"2":{"line":9,"type":"binary-expr","locations":[{"start":{"line":9,"column":7},"end":{"line":9,"column":27}},{"start":{"line":9,"column":31},"end":{"line":9,"column":44}}]}}},"/Users/ranegowan/Development/github-projects/flip-chat/config/routes.js":{"path":"/Users/ranegowan/Development/github-projects/flip-chat/config/routes.js","s":{"1":1,"2":1,"3":1,"4":1,"5":1,"6":1,"7":1,"8":0,"9":1},"b":{},"f":{},"fnMap":{},"statementMap":{"1":{"start":{"line":1,"column":0},"end":{"line":1,"column":43}},"2":{"start":{"line":3,"column":0},"end":{"line":3,"column":56}},"3":{"start":{"line":4,"column":0},"end":{"line":4,"column":47}},"4":{"start":{"line":6,"column":0},"end":{"line":7,"column":23}},"5":{"start":{"line":9,"column":0},"end":{"line":10,"column":20}},"6":{"start":{"line":12,"column":0},"end":{"line":13,"column":20}},"7":{"start":{"line":15,"column":0},"end":{"line":15,"column":47}},"8":{"start":{"line":15,"column":31},"end":{"line":15,"column":45}},"9":{"start":{"line":17,"column":0},"end":{"line":17,"column":24}}},"branchMap":{}},"/Users/ranegowan/Development/github-projects/flip-chat/controllers/authentication.js":{"path":"/Users/ranegowan/Development/github-projects/flip-chat/controllers/authentication.js","s":{"1":1,"2":1,"3":1,"4":1,"5":0,"6":0,"7":0,"8":1,"9":0,"10":0,"11":0,"12":0,"13":0,"14":1},"b":{"1":[0,0],"2":[0,0]},"f":{"1":0,"2":0},"fnMap":{"1":{"name":"register","line":5,"loc":{"start":{"line":5,"column":0},"end":{"line":5,"column":34}}},"2":{"name":"login","line":16,"loc":{"start":{"line":16,"column":0},"end":{"line":16,"column":31}}}},"statementMap":{"1":{"start":{"line":1,"column":0},"end":{"line":1,"column":43}},"2":{"start":{"line":2,"column":0},"end":{"line":2,"column":52}},"3":{"start":{"line":3,"column":0},"end":{"line":3,"column":45}},"4":{"start":{"line":5,"column":0},"end":{"line":14,"column":1}},"5":{"start":{"line":6,"column":2},"end":{"line":13,"column":17}},"6":{"start":{"line":9,"column":6},"end":{"line":9,"column":76}},"7":{"start":{"line":11,"column":6},"end":{"line":11,"column":53}},"8":{"start":{"line":16,"column":0},"end":{"line":26,"column":1}},"9":{"start":{"line":17,"column":2},"end":{"line":25,"column":17}},"10":{"start":{"line":20,"column":6},"end":{"line":20,"column":118}},"11":{"start":{"line":20,"column":61},"end":{"line":20,"column":118}},"12":{"start":{"line":22,"column":6},"end":{"line":22,"column":76}},"13":{"start":{"line":23,"column":6},"end":{"line":23,"column":58}},"14":{"start":{"line":28,"column":0},"end":{"line":31,"column":2}}},"branchMap":{"1":{"line":20,"type":"if","locations":[{"start":{"line":20,"column":6},"end":{"line":20,"column":6}},{"start":{"line":20,"column":6},"end":{"line":20,"column":6}}]},"2":{"line":20,"type":"binary-expr","locations":[{"start":{"line":20,"column":9},"end":{"line":20,"column":14}},{"start":{"line":20,"column":18},"end":{"line":20,"column":59}}]}}},"/Users/ranegowan/Development/github-projects/flip-chat/models/user.js":{"path":"/Users/ranegowan/Development/github-projects/flip-chat/models/user.js","s":{"1":1,"2":1,"3":1,"4":1,"5":0,"6":1,"7":0,"8":1,"9":0,"10":0,"11":0,"12":1,"13":0,"14":0,"15":0,"16":1,"17":0,"18":1},"b":{"1":[0,0],"2":[0,0],"3":[0,0]},"f":{"1":0,"2":0,"3":0,"4":0,"5":0},"fnMap":{"1":{"name":"(anonymous_1)","line":17,"loc":{"start":{"line":17,"column":7},"end":{"line":17,"column":18}}},"2":{"name":"setPasswordConfirmation","line":23,"loc":{"start":{"line":23,"column":7},"end":{"line":23,"column":62}}},"3":{"name":"checkPassword","line":27,"loc":{"start":{"line":27,"column":27},"end":{"line":27,"column":56}}},"4":{"name":"hashPassword","line":34,"loc":{"start":{"line":34,"column":23},"end":{"line":34,"column":51}}},"5":{"name":"validatePassword","line":41,"loc":{"start":{"line":41,"column":38},"end":{"line":41,"column":74}}}},"statementMap":{"1":{"start":{"line":1,"column":0},"end":{"line":1,"column":37}},"2":{"start":{"line":2,"column":0},"end":{"line":2,"column":35}},"3":{"start":{"line":4,"column":0},"end":{"line":13,"column":3}},"4":{"start":{"line":15,"column":0},"end":{"line":19,"column":4}},"5":{"start":{"line":18,"column":4},"end":{"line":18,"column":50}},"6":{"start":{"line":21,"column":0},"end":{"line":25,"column":5}},"7":{"start":{"line":24,"column":4},"end":{"line":24,"column":54}},"8":{"start":{"line":27,"column":0},"end":{"line":32,"column":3}},"9":{"start":{"line":28,"column":2},"end":{"line":30,"column":3}},"10":{"start":{"line":29,"column":4},"end":{"line":29,"column":70}},"11":{"start":{"line":31,"column":2},"end":{"line":31,"column":9}},"12":{"start":{"line":34,"column":0},"end":{"line":39,"column":3}},"13":{"start":{"line":35,"column":2},"end":{"line":37,"column":3}},"14":{"start":{"line":36,"column":4},"end":{"line":36,"column":74}},"15":{"start":{"line":38,"column":2},"end":{"line":38,"column":9}},"16":{"start":{"line":41,"column":0},"end":{"line":43,"column":2}},"17":{"start":{"line":42,"column":2},"end":{"line":42,"column":53}},"18":{"start":{"line":45,"column":0},"end":{"line":45,"column":52}}},"branchMap":{"1":{"line":28,"type":"if","locations":[{"start":{"line":28,"column":2},"end":{"line":28,"column":2}},{"start":{"line":28,"column":2},"end":{"line":28,"column":2}}]},"2":{"line":28,"type":"binary-expr","locations":[{"start":{"line":28,"column":5},"end":{"line":28,"column":32}},{"start":{"line":28,"column":36},"end":{"line":28,"column":80}}]},"3":{"line":35,"type":"if","locations":[{"start":{"line":35,"column":2},"end":{"line":35,"column":2}},{"start":{"line":35,"column":2},"end":{"line":35,"column":2}}]}}},"/Users/ranegowan/Development/github-projects/flip-chat/controllers/users.js":{"path":"/Users/ranegowan/Development/github-projects/flip-chat/controllers/users.js","s":{"1":1,"2":1,"3":0,"4":0,"5":1},"b":{},"f":{"1":0},"fnMap":{"1":{"name":"index","line":3,"loc":{"start":{"line":3,"column":0},"end":{"line":3,"column":29}}}},"statementMap":{"1":{"start":{"line":1,"column":0},"end":{"line":1,"column":39}},"2":{"start":{"line":3,"column":0},"end":{"line":8,"column":1}},"3":{"start":{"line":4,"column":2},"end":{"line":7,"column":48}},"4":{"start":{"line":7,"column":19},"end":{"line":7,"column":46}},"5":{"start":{"line":10,"column":0},"end":{"line":12,"column":1}}},"branchMap":{}},"/Users/ranegowan/Development/github-projects/flip-chat/lib/customResponses.js":{"path":"/Users/ranegowan/Development/github-projects/flip-chat/lib/customResponses.js","s":{"1":1,"2":0,"3":0,"4":0,"5":0,"6":0,"7":0,"8":0,"9":0,"10":0,"11":1},"b":{},"f":{"1":0,"2":0,"3":0},"fnMap":{"1":{"name":"customResponses","line":1,"loc":{"start":{"line":1,"column":0},"end":{"line":1,"column":41}}},"2":{"name":"notFound","line":2,"loc":{"start":{"line":2,"column":17},"end":{"line":2,"column":37}}},"3":{"name":"unauthorized","line":9,"loc":{"start":{"line":9,"column":21},"end":{"line":9,"column":45}}}},"statementMap":{"1":{"start":{"line":1,"column":0},"end":{"line":17,"column":1}},"2":{"start":{"line":2,"column":2},"end":{"line":7,"column":4}},"3":{"start":{"line":3,"column":4},"end":{"line":3,"column":39}},"4":{"start":{"line":4,"column":4},"end":{"line":4,"column":21}},"5":{"start":{"line":6,"column":4},"end":{"line":6,"column":14}},"6":{"start":{"line":9,"column":2},"end":{"line":14,"column":4}},"7":{"start":{"line":10,"column":4},"end":{"line":10,"column":42}},"8":{"start":{"line":11,"column":4},"end":{"line":11,"column":21}},"9":{"start":{"line":13,"column":4},"end":{"line":13,"column":14}},"10":{"start":{"line":16,"column":2},"end":{"line":16,"column":9}},"11":{"start":{"line":19,"column":0},"end":{"line":19,"column":33}}},"branchMap":{}},"/Users/ranegowan/Development/github-projects/flip-chat/lib/errorHandler.js":{"path":"/Users/ranegowan/Development/github-projects/flip-chat/lib/errorHandler.js","s":{"1":1,"2":0,"3":0,"4":0,"5":0,"6":0,"7":0,"8":0,"9":0,"10":0,"11":0,"12":0,"13":1},"b":{"1":[0,0],"2":[0,0],"3":[0,0]},"f":{"1":0},"fnMap":{"1":{"name":"errorHandler","line":1,"loc":{"start":{"line":1,"column":0},"end":{"line":1,"column":43}}}},"statementMap":{"1":{"start":{"line":1,"column":0},"end":{"line":20,"column":1}},"2":{"start":{"line":3,"column":2},"end":{"line":12,"column":3}},"3":{"start":{"line":4,"column":4},"end":{"line":4,"column":21}},"4":{"start":{"line":5,"column":4},"end":{"line":5,"column":41}},"5":{"start":{"line":7,"column":4},"end":{"line":7,"column":22}},"6":{"start":{"line":8,"column":4},"end":{"line":10,"column":5}},"7":{"start":{"line":9,"column":6},"end":{"line":9,"column":44}},"8":{"start":{"line":11,"column":4},"end":{"line":11,"column":24}},"9":{"start":{"line":14,"column":2},"end":{"line":14,"column":55}},"10":{"start":{"line":15,"column":2},"end":{"line":15,"column":33}},"11":{"start":{"line":17,"column":2},"end":{"line":17,"column":76}},"12":{"start":{"line":19,"column":2},"end":{"line":19,"column":12}},"13":{"start":{"line":22,"column":0},"end":{"line":22,"column":30}}},"branchMap":{"1":{"line":3,"type":"if","locations":[{"start":{"line":3,"column":2},"end":{"line":3,"column":2}},{"start":{"line":3,"column":2},"end":{"line":3,"column":2}}]},"2":{"line":14,"type":"binary-expr","locations":[{"start":{"line":14,"column":16},"end":{"line":14,"column":27}},{"start":{"line":14,"column":31},"end":{"line":14,"column":54}}]},"3":{"line":15,"type":"binary-expr","locations":[{"start":{"line":15,"column":15},"end":{"line":15,"column":25}},{"start":{"line":15,"column":29},"end":{"line":15,"column":32}}]}}}}