TN:
SF:/Users/ranegowan/Development/github-projects/flip-chat/index.js
FN:29,(anonymous_0)
FNF:1
FNH:0
FNDA:0,(anonymous_0)
DA:1,1
DA:2,1
DA:3,1
DA:4,1
DA:5,1
DA:7,1
DA:8,1
DA:10,1
DA:11,1
DA:12,1
DA:14,1
DA:15,1
DA:16,1
DA:17,1
DA:19,1
DA:21,1
DA:22,1
DA:23,1
DA:25,1
DA:26,1
DA:27,1
DA:29,1
DA:31,1
LF:23
LH:23
BRDA:29,0,0,0
BRDA:29,0,1,1
BRF:2
BRH:1
end_of_record
TN:
SF:/Users/ranegowan/Development/github-projects/flip-chat/config/environment.js
FNF:0
FNH:0
DA:1,1
LF:1
LH:1
BRDA:2,0,0,1
BRDA:2,0,1,1
BRDA:9,1,0,1
BRDA:9,1,1,0
BRF:4
BRH:3
end_of_record
TN:
SF:/Users/ranegowan/Development/github-projects/flip-chat/config/routes.js
FN:32,(anonymous_0)
FNF:1
FNH:1
FNDA:1,(anonymous_0)
DA:1,1
DA:3,1
DA:4,1
DA:5,1
DA:6,1
DA:7,1
DA:9,1
DA:11,1
DA:14,1
DA:16,1
DA:19,1
DA:21,1
DA:24,1
DA:27,1
DA:29,1
DA:32,1
DA:34,1
LF:17
LH:17
BRF:0
BRH:0
end_of_record
TN:
SF:/Users/ranegowan/Development/github-projects/flip-chat/controllers/authentication.js
FN:5,register
FN:8,(anonymous_1)
FN:16,login
FN:19,(anonymous_3)
FNF:4
FNH:4
FNDA:21,register
FNDA:14,(anonymous_1)
FNDA:18,login
FNDA:18,(anonymous_3)
DA:1,1
DA:2,1
DA:3,1
DA:6,21
DA:9,14
DA:11,14
DA:17,18
DA:20,18
DA:22,16
DA:23,16
DA:28,1
LF:11
LH:11
BRDA:20,0,0,2
BRDA:20,0,1,16
BRDA:20,1,0,18
BRDA:20,1,1,17
BRF:4
BRH:4
end_of_record
TN:
SF:/Users/ranegowan/Development/github-projects/flip-chat/controllers/chats.js
FN:3,find
FN:7,(anonymous_1)
FN:11,show
FN:15,(anonymous_3)
FN:19,create
FN:24,(anonymous_5)
FN:28,remove
FN:31,(anonymous_7)
FNF:8
FNH:8
FNDA:4,find
FNDA:4,(anonymous_1)
FNDA:5,show
FNDA:4,(anonymous_3)
FNDA:2,create
FNDA:2,(anonymous_5)
FNDA:1,remove
FNDA:1,(anonymous_7)
DA:1,1
DA:4,4
DA:7,4
DA:12,5
DA:15,4
DA:20,2
DA:22,2
DA:24,2
DA:29,1
DA:31,1
DA:35,1
LF:11
LH:11
BRF:0
BRH:0
end_of_record
TN:
SF:/Users/ranegowan/Development/github-projects/flip-chat/controllers/messages.js
FN:3,create
FN:8,(anonymous_1)
FN:12,(anonymous_2)
FN:19,remove
FN:23,(anonymous_4)
FN:31,(anonymous_5)
FNF:6
FNH:6
FNDA:2,create
FNDA:2,(anonymous_1)
FNDA:2,(anonymous_2)
FNDA:1,remove
FNDA:1,(anonymous_4)
FNDA:1,(anonymous_5)
DA:1,1
DA:4,2
DA:6,2
DA:9,2
DA:10,2
DA:13,2
DA:14,2
DA:20,1
DA:24,1
DA:26,1
DA:27,1
DA:28,1
DA:31,1
DA:35,1
LF:14
LH:14
BRDA:26,0,0,1
BRDA:26,0,1,0
BRF:2
BRH:1
end_of_record
TN:
SF:/Users/ranegowan/Development/github-projects/flip-chat/controllers/users.js
FN:3,index
FN:6,(anonymous_1)
FN:10,show
FN:13,(anonymous_3)
FNF:4
FNH:4
FNDA:4,index
FNDA:4,(anonymous_1)
FNDA:5,show
FNDA:4,(anonymous_3)
DA:1,1
DA:4,4
DA:6,4
DA:11,5
DA:13,4
DA:17,1
LF:6
LH:6
BRF:0
BRH:0
end_of_record
TN:
SF:/Users/ranegowan/Development/github-projects/flip-chat/lib/customResponses.js
FN:1,customResponses
FN:2,notFound
FN:9,unauthorized
FNF:3
FNH:3
FNDA:67,customResponses
FNDA:1,notFound
FNDA:2,unauthorized
DA:2,67
DA:3,1
DA:4,1
DA:6,1
DA:9,67
DA:10,2
DA:11,2
DA:13,2
DA:16,67
DA:19,1
LF:10
LH:10
BRF:0
BRH:0
end_of_record
TN:
SF:/Users/ranegowan/Development/github-projects/flip-chat/lib/errorHandler.js
FN:1,errorHandler
FNF:1
FNH:1
FNDA:13,errorHandler
DA:3,13
DA:4,7
DA:5,7
DA:7,7
DA:8,7
DA:9,10
DA:11,7
DA:14,13
DA:15,13
DA:17,13
DA:19,13
DA:22,1
LF:12
LH:12
BRDA:3,0,0,7
BRDA:3,0,1,6
BRDA:14,1,0,13
BRDA:14,1,1,0
BRDA:15,2,0,13
BRDA:15,2,1,3
BRF:6
BRH:5
end_of_record
TN:
SF:/Users/ranegowan/Development/github-projects/flip-chat/lib/globalToJSON.js
FN:1,globalToJSON
FNF:1
FNH:1
FNDA:3,globalToJSON
DA:2,3
DA:6,86
DA:7,86
DA:8,86
DA:9,86
DA:14,1
LF:6
LH:6
BRF:0
BRH:0
end_of_record
TN:
SF:/Users/ranegowan/Development/github-projects/flip-chat/lib/secureRoute.js
FN:6,secureRoute
FN:12,(anonymous_1)
FN:15,(anonymous_2)
FNF:3
FNH:3
FNDA:27,secureRoute
FNDA:24,(anonymous_1)
FNDA:24,(anonymous_2)
DA:1,1
DA:2,1
DA:3,1
DA:4,1
DA:7,27
DA:9,25
DA:11,25
DA:13,24
DA:16,24
DA:17,24
DA:18,24
DA:23,1
LF:12
LH:12
BRDA:7,0,0,2
BRDA:7,0,1,25
BRDA:16,1,0,0
BRDA:16,1,1,24
BRF:4
BRH:3
end_of_record
TN:
SF:/Users/ranegowan/Development/github-projects/flip-chat/models/chat.js
FN:17,(anonymous_0)
FNF:1
FNH:1
FNDA:19,(anonymous_0)
DA:1,1
DA:3,1
DA:10,1
DA:17,1
DA:18,19
DA:19,18
DA:22,1
LF:7
LH:7
BRDA:18,0,0,1
BRDA:18,0,1,18
BRF:2
BRH:2
end_of_record
TN:
SF:/Users/ranegowan/Development/github-projects/flip-chat/models/user.js
FN:19,(anonymous_0)
FN:25,setPasswordConfirmation
FN:29,checkPassword
FN:36,hashPassword
FN:43,validatePassword
FNF:5
FNH:5
FNDA:74,(anonymous_0)
FNDA:50,setPasswordConfirmation
FNDA:55,checkPassword
FNDA:44,hashPassword
FNDA:17,validatePassword
DA:1,1
DA:2,1
DA:4,1
DA:17,1
DA:20,74
DA:23,1
DA:26,50
DA:29,1
DA:30,55
DA:31,7
DA:33,55
DA:36,1
DA:37,44
DA:38,44
DA:40,44
DA:43,1
DA:44,17
DA:47,1
LF:18
LH:18
BRDA:30,0,0,7
BRDA:30,0,1,48
BRDA:30,1,0,55
BRDA:30,1,1,49
BRDA:37,2,0,44
BRDA:37,2,1,0
BRF:6
BRH:5
end_of_record
