TN:
SF:/Users/ranegowan/Development/github-projects/flip-chat/index.js
FNF:0
FNH:0
DA:1,1
DA:2,1
DA:3,1
DA:4,1
DA:5,1
DA:7,1
DA:8,1
DA:10,1
DA:11,1
DA:12,1
DA:14,1
DA:15,1
DA:16,1
DA:17,1
DA:19,1
DA:21,1
DA:22,1
DA:23,1
DA:25,1
DA:26,1
DA:27,1
DA:29,1
DA:31,1
LF:23
LH:23
BRDA:29,1,0,0
BRDA:29,1,1,1
BRF:2
BRH:1
end_of_record
TN:
SF:/Users/ranegowan/Development/github-projects/flip-chat/lib/globalToJSON.js
FN:1,globalToJSON
FN:5,(anonymous_2)
FNF:2
FNH:1
FNDA:1,globalToJSON
FNDA:0,(anonymous_2)
DA:1,1
DA:2,1
DA:6,0
DA:7,0
DA:8,0
DA:9,0
DA:14,1
LF:7
LH:3
BRF:0
BRH:0
end_of_record
TN:
SF:/Users/ranegowan/Development/github-projects/flip-chat/config/environment.js
FNF:0
FNH:0
DA:1,1
LF:1
LH:1
BRDA:2,1,0,1
BRDA:2,1,1,1
BRDA:9,2,0,1
BRDA:9,2,1,0
BRF:4
BRH:3
end_of_record
TN:
SF:/Users/ranegowan/Development/github-projects/flip-chat/config/routes.js
FNF:0
FNH:0
DA:1,1
DA:3,1
DA:4,1
DA:6,1
DA:9,1
DA:12,1
DA:15,1
DA:17,1
LF:8
LH:8
BRF:0
BRH:0
end_of_record
TN:
SF:/Users/ranegowan/Development/github-projects/flip-chat/controllers/authentication.js
FN:5,register
FN:16,login
FNF:2
FNH:0
FNDA:0,register
FNDA:0,login
DA:1,1
DA:2,1
DA:3,1
DA:5,1
DA:6,0
DA:9,0
DA:11,0
DA:16,1
DA:17,0
DA:20,0
DA:22,0
DA:23,0
DA:28,1
LF:13
LH:6
BRDA:20,1,0,0
BRDA:20,1,1,0
BRDA:20,2,0,0
BRDA:20,2,1,0
BRF:4
BRH:0
end_of_record
TN:
SF:/Users/ranegowan/Development/github-projects/flip-chat/models/user.js
FN:17,(anonymous_1)
FN:23,setPasswordConfirmation
FN:27,checkPassword
FN:34,hashPassword
FN:41,validatePassword
FNF:5
FNH:0
FNDA:0,(anonymous_1)
FNDA:0,setPasswordConfirmation
FNDA:0,checkPassword
FNDA:0,hashPassword
FNDA:0,validatePassword
DA:1,1
DA:2,1
DA:4,1
DA:15,1
DA:18,0
DA:21,1
DA:24,0
DA:27,1
DA:28,0
DA:29,0
DA:31,0
DA:34,1
DA:35,0
DA:36,0
DA:38,0
DA:41,1
DA:42,0
DA:45,1
LF:18
LH:9
BRDA:28,1,0,0
BRDA:28,1,1,0
BRDA:28,2,0,0
BRDA:28,2,1,0
BRDA:35,3,0,0
BRDA:35,3,1,0
BRF:6
BRH:0
end_of_record
TN:
SF:/Users/ranegowan/Development/github-projects/flip-chat/controllers/users.js
FN:3,index
FNF:1
FNH:0
FNDA:0,index
DA:1,1
DA:3,1
DA:4,0
DA:7,0
DA:10,1
LF:5
LH:3
BRF:0
BRH:0
end_of_record
TN:
SF:/Users/ranegowan/Development/github-projects/flip-chat/lib/customResponses.js
FN:1,customResponses
FN:2,notFound
FN:9,unauthorized
FNF:3
FNH:0
FNDA:0,customResponses
FNDA:0,notFound
FNDA:0,unauthorized
DA:1,1
DA:2,0
DA:3,0
DA:4,0
DA:6,0
DA:9,0
DA:10,0
DA:11,0
DA:13,0
DA:16,0
DA:19,1
LF:11
LH:2
BRF:0
BRH:0
end_of_record
TN:
SF:/Users/ranegowan/Development/github-projects/flip-chat/lib/errorHandler.js
FN:1,errorHandler
FNF:1
FNH:0
FNDA:0,errorHandler
DA:1,1
DA:3,0
DA:4,0
DA:5,0
DA:7,0
DA:8,0
DA:9,0
DA:11,0
DA:14,0
DA:15,0
DA:17,0
DA:19,0
DA:22,1
LF:13
LH:2
BRDA:3,1,0,0
BRDA:3,1,1,0
BRDA:14,2,0,0
BRDA:14,2,1,0
BRDA:15,3,0,0
BRDA:15,3,1,0
BRF:6
BRH:0
end_of_record
